# JRE version: OpenJDK Runtime Environment (11.0.8+10) (build 11.0.8+10-b944.6842174)
# Java VM: OpenJDK 64-Bit Server VM (11.0.8+10-b944.6842174, mixed mode, tiered, compressed oops, g1 gc, windows-amd64)
Heap:
 garbage-first heap   total 490496K, used 153044K [0x0000000080000000, 0x0000000100000000)
  region size 1024K, 11 young (11264K), 11 survivors (11264K)
 Metaspace       used 124350K, capacity 128740K, committed 129052K, reserved 1161216K
  class space    used 14783K, capacity 16301K, committed 16464K, reserved 1048576K
GC Heap History (20 events):
Event: 10068.591 GC heap after
{Heap after GC invocations=240 (full 0):
 garbage-first heap   total 352256K, used 136590K [0x0000000080000000, 0x0000000100000000)
  region size 1024K, 8 young (8192K), 8 survivors (8192K)
 Metaspace       used 124173K, capacity 128576K, committed 128796K, reserved 1161216K
  class space    used 14777K, capacity 16292K, committed 16464K, reserved 1048576K
}
Event: 10071.354 GC heap before
{Heap before GC invocations=241 (full 0):
 garbage-first heap   total 352256K, used 295310K [0x0000000080000000, 0x0000000100000000)
  region size 1024K, 163 young (166912K), 8 survivors (8192K)
 Metaspace       used 124178K, capacity 128576K, committed 128796K, reserved 1161216K
  class space    used 14777K, capacity 16292K, committed 16464K, reserved 1048576K
}
Event: 10071.394 GC heap after
{Heap after GC invocations=242 (full 0):
 garbage-first heap   total 352256K, used 134530K [0x0000000080000000, 0x0000000100000000)
  region size 1024K, 6 young (6144K), 6 survivors (6144K)
 Metaspace       used 124178K, capacity 128576K, committed 128796K, reserved 1161216K
  class space    used 14777K, capacity 16292K, committed 16464K, reserved 1048576K
}
Event: 10071.536 GC heap before
{Heap before GC invocations=242 (full 0):
 garbage-first heap   total 352256K, used 145794K [0x0000000080000000, 0x0000000100000000)
  region size 1024K, 17 young (17408K), 6 survivors (6144K)
 Metaspace       used 124179K, capacity 128576K, committed 128796K, reserved 1161216K
  class space    used 14777K, capacity 16292K, committed 16464K, reserved 1048576K
}
Event: 10071.572 GC heap after
{Heap after GC invocations=243 (full 0):
 garbage-first heap   total 352256K, used 133584K [0x0000000080000000, 0x0000000100000000)
  region size 1024K, 1 young (1024K), 1 survivors (1024K)
 Metaspace       used 124179K, capacity 128576K, committed 128796K, reserved 1161216K
  class space    used 14777K, capacity 16292K, committed 16464K, reserved 1048576K
}
Event: 10073.842 GC heap before
{Heap before GC invocations=243 (full 0):
 garbage-first heap   total 352256K, used 296400K [0x0000000080000000, 0x0000000100000000)
  region size 1024K, 159 young (162816K), 1 survivors (1024K)
 Metaspace       used 124220K, capacity 128598K, committed 128796K, reserved 1161216K
  class space    used 14781K, capacity 16299K, committed 16464K, reserved 1048576K
}
Event: 10073.866 GC heap after
{Heap after GC invocations=244 (full 0):
 garbage-first heap   total 352256K, used 134859K [0x0000000080000000, 0x0000000100000000)
  region size 1024K, 3 young (3072K), 3 survivors (3072K)
 Metaspace       used 124220K, capacity 128598K, committed 128796K, reserved 1161216K
  class space    used 14781K, capacity 16299K, committed 16464K, reserved 1048576K
}
Event: 10075.284 GC heap before
{Heap before GC invocations=244 (full 0):
 garbage-first heap   total 352256K, used 247499K [0x0000000080000000, 0x0000000100000000)
  region size 1024K, 114 young (116736K), 3 survivors (3072K)
 Metaspace       used 124234K, capacity 128665K, committed 129052K, reserved 1161216K
  class space    used 14781K, capacity 16299K, committed 16464K, reserved 1048576K
}
Event: 10075.384 GC heap after
{Heap after GC invocations=245 (full 0):
 garbage-first heap   total 352256K, used 143658K [0x0000000080000000, 0x0000000100000000)
  region size 1024K, 11 young (11264K), 11 survivors (11264K)
 Metaspace       used 124234K, capacity 128665K, committed 129052K, reserved 1161216K
  class space    used 14781K, capacity 16299K, committed 16464K, reserved 1048576K
}
Event: 10078.540 GC heap before
{Heap before GC invocations=246 (full 0):
 garbage-first heap   total 352256K, used 299306K [0x0000000080000000, 0x0000000100000000)
  region size 1024K, 162 young (165888K), 11 survivors (11264K)
 Metaspace       used 124257K, capacity 128671K, committed 129052K, reserved 1161216K
  class space    used 14782K, capacity 16300K, committed 16464K, reserved 1048576K
}
Event: 10078.628 GC heap after
{Heap after GC invocations=247 (full 0):
 garbage-first heap   total 352256K, used 151543K [0x0000000080000000, 0x0000000100000000)
  region size 1024K, 18 young (18432K), 18 survivors (18432K)
 Metaspace       used 124257K, capacity 128671K, committed 129052K, reserved 1161216K
  class space    used 14782K, capacity 16300K, committed 16464K, reserved 1048576K
}
Event: 10078.634 GC heap before
{Heap before GC invocations=247 (full 0):
 garbage-first heap   total 352256K, used 152567K [0x0000000080000000, 0x0000000100000000)
  region size 1024K, 19 young (19456K), 18 survivors (18432K)
 Metaspace       used 124257K, capacity 128671K, committed 129052K, reserved 1161216K
  class space    used 14782K, capacity 16300K, committed 16464K, reserved 1048576K
}
Event: 10078.740 GC heap after
{Heap after GC invocations=248 (full 0):
 garbage-first heap   total 422912K, used 145364K [0x0000000080000000, 0x0000000100000000)
  region size 1024K, 2 young (2048K), 2 survivors (2048K)
 Metaspace       used 124257K, capacity 128671K, committed 129052K, reserved 1161216K
  class space    used 14782K, capacity 16300K, committed 16464K, reserved 1048576K
}
Event: 10081.815 GC heap before
{Heap before GC invocations=248 (full 0):
 garbage-first heap   total 422912K, used 332756K [0x0000000080000000, 0x0000000100000000)
  region size 1024K, 184 young (188416K), 2 survivors (2048K)
 Metaspace       used 124315K, capacity 128737K, committed 129052K, reserved 1161216K
  class space    used 14782K, capacity 16300K, committed 16464K, reserved 1048576K
}
Event: 10081.901 GC heap after
{Heap after GC invocations=249 (full 0):
 garbage-first heap   total 422912K, used 149428K [0x0000000080000000, 0x0000000100000000)
  region size 1024K, 6 young (6144K), 6 survivors (6144K)
 Metaspace       used 124315K, capacity 128737K, committed 129052K, reserved 1161216K
  class space    used 14782K, capacity 16300K, committed 16464K, reserved 1048576K
}
Event: 10085.714 GC heap before
{Heap before GC invocations=249 (full 0):
 garbage-first heap   total 422912K, used 350132K [0x0000000080000000, 0x0000000100000000)
  region size 1024K, 202 young (206848K), 6 survivors (6144K)
 Metaspace       used 124324K, capacity 128737K, committed 129052K, reserved 1161216K
  class space    used 14782K, capacity 16300K, committed 16464K, reserved 1048576K
}
Event: 10085.799 GC heap after
{Heap after GC invocations=250 (full 0):
 garbage-first heap   total 422912K, used 156071K [0x0000000080000000, 0x0000000100000000)
  region size 1024K, 13 young (13312K), 13 survivors (13312K)
 Metaspace       used 124324K, capacity 128737K, committed 129052K, reserved 1161216K
  class space    used 14782K, capacity 16300K, committed 16464K, reserved 1048576K
}
Event: 10088.587 GC heap before
{Heap before GC invocations=250 (full 0):
 garbage-first heap   total 422912K, used 350631K [0x0000000080000000, 0x0000000100000000)
  region size 1024K, 203 young (207872K), 13 survivors (13312K)
 Metaspace       used 124329K, capacity 128737K, committed 129052K, reserved 1161216K
  class space    used 14782K, capacity 16300K, committed 16464K, reserved 1048576K
}
Event: 10088.671 GC heap after
{Heap after GC invocations=251 (full 0):
 garbage-first heap   total 422912K, used 156626K [0x0000000080000000, 0x0000000100000000)
  region size 1024K, 13 young (13312K), 13 survivors (13312K)
 Metaspace       used 124329K, capacity 128737K, committed 129052K, reserved 1161216K
  class space    used 14782K, capacity 16300K, committed 16464K, reserved 1048576K
}
Event: 10092.545 GC heap before
{Heap before GC invocations=252 (full 0):
 garbage-first heap   total 422912K, used 354258K [0x0000000080000000, 0x0000000100000000)
  region size 1024K, 207 young (211968K), 13 survivors (13312K)
 Metaspace       used 124350K, capacity 128740K, committed 129052K, reserved 1161216K
  class space    used 14783K, capacity 16301K, committed 16464K, reserved 1048576K
}

